<?xml version="1.0" encoding="UTF-8"?>
<testng-results ignored="0" total="1" passed="1" failed="0" skipped="0">
  <reporter-output>
  </reporter-output>
  <suite started-at="2021-01-06T05:38:10Z" name="Default suite" finished-at="2021-01-06T05:38:54Z" duration-ms="43458">
    <groups>
    </groups>
    <test started-at="2021-01-06T05:38:10Z" name="Default test" finished-at="2021-01-06T05:38:54Z" duration-ms="43458">
      <class name="com.test.actitime.ActitimeCreateCustomer">
        <test-method is-config="true" signature="openBrowser()[pri:0, instance:com.test.actitime.ActitimeCreateCustomer@10f7f7de]" started-at="2021-01-06T05:38:10Z" name="openBrowser" finished-at="2021-01-06T05:38:26Z" duration-ms="15798" status="PASS">
          <reporter-output>
          </reporter-output>
        </test-method> <!-- openBrowser -->
        <test-method is-config="true" signature="login()[pri:0, instance:com.test.actitime.ActitimeCreateCustomer@10f7f7de]" started-at="2021-01-06T05:38:26Z" name="login" finished-at="2021-01-06T05:38:29Z" duration-ms="3178" status="PASS">
          <reporter-output>
          </reporter-output>
        </test-method> <!-- login -->
        <test-method signature="createCustomer()[pri:0, instance:com.test.actitime.ActitimeCreateCustomer@10f7f7de]" started-at="2021-01-06T05:38:29Z" name="createCustomer" finished-at="2021-01-06T05:38:45Z" duration-ms="15631" status="PASS">
          <reporter-output>
          </reporter-output>
        </test-method> <!-- createCustomer -->
        <test-method is-config="true" signature="logout()[pri:0, instance:com.test.actitime.ActitimeCreateCustomer@10f7f7de]" started-at="2021-01-06T05:38:45Z" name="logout" finished-at="2021-01-06T05:38:47Z" duration-ms="1832" status="PASS">
          <reporter-output>
          </reporter-output>
        </test-method> <!-- logout -->
        <test-method is-config="true" signature="closeBrowser()[pri:0, instance:com.test.actitime.ActitimeCreateCustomer@10f7f7de]" started-at="2021-01-06T05:38:47Z" name="closeBrowser" finished-at="2021-01-06T05:38:54Z" duration-ms="6970" status="PASS">
          <reporter-output>
          </reporter-output>
        </test-method> <!-- closeBrowser -->
      </class> <!-- com.test.actitime.ActitimeCreateCustomer -->
    </test> <!-- Default test -->
  </suite> <!-- Default suite -->
</testng-results>
